2025-02-20 10:08:11,805 WARNING database DDL Query made to DB:
create table `tabArticle` (
			name varchar(140) primary key,
			creation datetime(6),
			modified datetime(6),
			modified_by varchar(140),
			owner varchar(140),
			docstatus int(1) not null default '0',
			idx int(8) not null default '0',
			`_user_tags` text,
`_comments` text,
`_assign` text,
`_liked_by` text,
index modified(modified))
			ENGINE=InnoDB
			ROW_FORMAT=DYNAMIC
			CHARACTER SET=utf8mb4
			COLLATE=utf8mb4_unicode_ci
2025-02-20 10:31:31,408 WARNING database DDL Query made to DB:
ALTER TABLE `tabArticle` ADD COLUMN `artice_name` varchar(140)
2025-02-20 10:32:19,804 WARNING database DDL Query made to DB:
ALTER TABLE `tabArticle` ADD COLUMN `article_name` varchar(140)
2025-02-20 10:41:28,186 WARNING database DDL Query made to DB:
ALTER TABLE `tabArticle` ADD COLUMN `article_image` text, ADD COLUMN `article_author` varchar(140), ADD COLUMN `article_description` longtext, ADD COLUMN `artcle_isbn` varchar(140)
2025-02-20 11:36:08,537 WARNING database DDL Query made to DB:
ALTER TABLE `tabArticle` ADD UNIQUE INDEX IF NOT EXISTS article_name (`article_name`)
2025-02-20 12:22:14,938 WARNING database DDL Query made to DB:
create table `tabNew Task` (
			name varchar(140) primary key,
			creation datetime(6),
			modified datetime(6),
			modified_by varchar(140),
			owner varchar(140),
			docstatus int(1) not null default '0',
			idx int(8) not null default '0',
			`_user_tags` text,
`_comments` text,
`_assign` text,
`_liked_by` text,
index modified(modified))
			ENGINE=InnoDB
			ROW_FORMAT=DYNAMIC
			CHARACTER SET=utf8mb4
			COLLATE=utf8mb4_unicode_ci
2025-02-20 12:23:42,246 WARNING database DDL Query made to DB:
ALTER TABLE `tabNew Task` ADD COLUMN `title` varchar(140)
2025-02-20 12:37:57,824 WARNING database DDL Query made to DB:
ALTER TABLE `tabNew Task` ADD COLUMN `description` longtext, ADD COLUMN `status` varchar(140), ADD COLUMN `due_date` date
2025-02-20 12:44:41,842 WARNING database DDL Query made to DB:
ALTER TABLE `tabNew Task` ADD UNIQUE INDEX IF NOT EXISTS title (`title`)
2025-02-20 13:05:53,020 WARNING database DDL Query made to DB:
create table `tabLibrary Members` (
			name varchar(140) primary key,
			creation datetime(6),
			modified datetime(6),
			modified_by varchar(140),
			owner varchar(140),
			docstatus int(1) not null default '0',
			idx int(8) not null default '0',
			`_user_tags` text,
`_comments` text,
`_assign` text,
`_liked_by` text,
index modified(modified))
			ENGINE=InnoDB
			ROW_FORMAT=DYNAMIC
			CHARACTER SET=utf8mb4
			COLLATE=utf8mb4_unicode_ci
2025-02-20 13:06:46,738 WARNING database DDL Query made to DB:
ALTER TABLE `tabLibrary Members` ADD COLUMN `first_name` varchar(140)
2025-02-20 13:09:44,351 WARNING database DDL Query made to DB:
ALTER TABLE `tabLibrary Members` ADD COLUMN `last_name` varchar(140), ADD COLUMN `full_name` varchar(140), ADD COLUMN `email_address` varchar(140), ADD COLUMN `phone` varchar(140)
2025-02-20 14:01:57,607 WARNING database DDL Query made to DB:
create table `tabLibrary Membership` (
			name varchar(140) primary key,
			creation datetime(6),
			modified datetime(6),
			modified_by varchar(140),
			owner varchar(140),
			docstatus int(1) not null default '0',
			idx int(8) not null default '0',
			`_user_tags` text,
`_comments` text,
`_assign` text,
`_liked_by` text,
index modified(modified))
			ENGINE=InnoDB
			ROW_FORMAT=DYNAMIC
			CHARACTER SET=utf8mb4
			COLLATE=utf8mb4_unicode_ci
2025-02-20 14:04:03,246 WARNING database DDL Query made to DB:
ALTER TABLE `tabLibrary Membership` ADD COLUMN `library_membership` varchar(140)
2025-02-20 14:17:25,485 WARNING database DDL Query made to DB:
ALTER TABLE `tabLibrary Membership` ADD COLUMN `full_name` varchar(140), ADD COLUMN `from_date` date, ADD COLUMN `to_date` date, ADD COLUMN `paid` int(1) not null default 0
2025-02-20 15:06:35,774 WARNING database DDL Query made to DB:
ALTER TABLE `tabLibrary Membership` ADD COLUMN `amended_from` varchar(140)
2025-02-20 15:06:35,844 WARNING database DDL Query made to DB:
ALTER TABLE `tabLibrary Membership` ADD INDEX `amended_from_index`(`amended_from`)
2025-02-20 15:10:14,389 WARNING database DDL Query made to DB:
ALTER TABLE `tabLibrary Members` ADD UNIQUE INDEX IF NOT EXISTS first_name (`first_name`)
2025-02-20 15:31:15,453 WARNING database DDL Query made to DB:
alter table `tabDocType` add column if not exists migration_hash varchar(140)
2025-02-20 15:31:16,699 WARNING database DDL Query made to DB:
ALTER TABLE `tabPrint Heading` DROP INDEX `print_heading`
2025-02-20 15:31:17,995 WARNING database DDL Query made to DB:
ALTER TABLE `tabPrint Heading` ADD UNIQUE INDEX IF NOT EXISTS print_heading (`print_heading`)
2025-02-20 15:57:50,549 WARNING database DDL Query made to DB:
alter table `tabDocType` add column if not exists migration_hash varchar(140)
2025-02-20 15:57:51,678 WARNING database DDL Query made to DB:
ALTER TABLE `tabPrint Heading` DROP INDEX `print_heading`
2025-02-20 15:57:52,902 WARNING database DDL Query made to DB:
ALTER TABLE `tabPrint Heading` ADD UNIQUE INDEX IF NOT EXISTS print_heading (`print_heading`)
2025-02-20 17:03:21,830 WARNING database DDL Query made to DB:
create table `tabToDoTask` (
			name varchar(140) primary key,
			creation datetime(6),
			modified datetime(6),
			modified_by varchar(140),
			owner varchar(140),
			docstatus int(1) not null default '0',
			idx int(8) not null default '0',
			`_user_tags` text,
`_comments` text,
`_assign` text,
`_liked_by` text,
index modified(modified))
			ENGINE=InnoDB
			ROW_FORMAT=DYNAMIC
			CHARACTER SET=utf8mb4
			COLLATE=utf8mb4_unicode_ci
2025-02-20 17:03:57,961 WARNING database DDL Query made to DB:
ALTER TABLE `tabToDoTask` ADD COLUMN `title` varchar(140)
2025-02-20 17:06:14,530 WARNING database DDL Query made to DB:
ALTER TABLE `tabToDoTask` ADD COLUMN `status` varchar(140), ADD COLUMN `due_date` varchar(140)
2025-02-20 17:06:46,494 WARNING database DDL Query made to DB:
ALTER TABLE `tabToDoTask` ADD COLUMN `description` longtext
2025-02-20 17:07:29,085 WARNING database DDL Query made to DB:
alter table `tabDocType` add column if not exists migration_hash varchar(140)
2025-02-20 17:07:30,330 WARNING database DDL Query made to DB:
ALTER TABLE `tabPrint Heading` DROP INDEX `print_heading`
2025-02-20 17:07:31,623 WARNING database DDL Query made to DB:
ALTER TABLE `tabPrint Heading` ADD UNIQUE INDEX IF NOT EXISTS print_heading (`print_heading`)
2025-02-21 11:18:26,662 WARNING database DDL Query made to DB:
DROP TABLE IF EXISTS `tabToDoTask`
2025-02-21 11:19:22,965 WARNING database DDL Query made to DB:
alter table `tabDocType` add column if not exists migration_hash varchar(140)
2025-02-21 11:19:24,177 WARNING database DDL Query made to DB:
ALTER TABLE `tabPrint Heading` DROP INDEX `print_heading`
2025-02-21 11:19:25,408 WARNING database DDL Query made to DB:
ALTER TABLE `tabPrint Heading` ADD UNIQUE INDEX IF NOT EXISTS print_heading (`print_heading`)
2025-02-21 11:34:08,191 WARNING database DDL Query made to DB:
alter table `tabDocType` add column if not exists migration_hash varchar(140)
2025-02-21 11:34:09,669 WARNING database DDL Query made to DB:
ALTER TABLE `tabPrint Heading` DROP INDEX `print_heading`
2025-02-21 11:34:11,158 WARNING database DDL Query made to DB:
ALTER TABLE `tabPrint Heading` ADD UNIQUE INDEX IF NOT EXISTS print_heading (`print_heading`)
2025-02-21 11:40:51,714 WARNING database DDL Query made to DB:
create table `tabToDoTask` (
			name varchar(140) primary key,
			creation datetime(6),
			modified datetime(6),
			modified_by varchar(140),
			owner varchar(140),
			docstatus int(1) not null default '0',
			idx int(8) not null default '0',
			`_user_tags` text,
`_comments` text,
`_assign` text,
`_liked_by` text,
index modified(modified))
			ENGINE=InnoDB
			ROW_FORMAT=DYNAMIC
			CHARACTER SET=utf8mb4
			COLLATE=utf8mb4_unicode_ci
2025-02-21 11:44:57,810 WARNING database DDL Query made to DB:
ALTER TABLE `tabToDoTask` ADD COLUMN `title` varchar(140), ADD COLUMN `status` varchar(140), ADD COLUMN `due_date` date
2025-02-21 11:46:21,276 WARNING database DDL Query made to DB:
alter table `tabDocType` add column if not exists migration_hash varchar(140)
2025-02-21 11:46:22,406 WARNING database DDL Query made to DB:
ALTER TABLE `tabPrint Heading` DROP INDEX `print_heading`
2025-02-21 11:46:23,661 WARNING database DDL Query made to DB:
ALTER TABLE `tabPrint Heading` ADD UNIQUE INDEX IF NOT EXISTS print_heading (`print_heading`)
2025-02-21 16:39:01,284 WARNING database DDL Query made to DB:
ALTER TABLE `tabToDoTask` ADD COLUMN `description` longtext
2025-02-24 14:04:05,731 WARNING database DDL Query made to DB:
alter table `tabDocType` add column if not exists migration_hash varchar(140)
2025-02-24 14:04:06,934 WARNING database DDL Query made to DB:
ALTER TABLE `tabPrint Heading` DROP INDEX `print_heading`
2025-02-24 14:04:08,244 WARNING database DDL Query made to DB:
ALTER TABLE `tabPrint Heading` ADD UNIQUE INDEX IF NOT EXISTS print_heading (`print_heading`)
2025-02-24 17:03:00,425 WARNING database DDL Query made to DB:
alter table `tabDocType` add column if not exists migration_hash varchar(140)
2025-02-24 17:03:01,940 WARNING database DDL Query made to DB:
ALTER TABLE `tabPrint Heading` DROP INDEX `print_heading`
2025-02-24 17:03:03,557 WARNING database DDL Query made to DB:
ALTER TABLE `tabPrint Heading` ADD UNIQUE INDEX IF NOT EXISTS print_heading (`print_heading`)
2025-02-24 17:29:15,992 WARNING database DDL Query made to DB:
alter table `tabDocType` add column if not exists migration_hash varchar(140)
2025-02-24 17:29:17,407 WARNING database DDL Query made to DB:
ALTER TABLE `tabPrint Heading` DROP INDEX `print_heading`
2025-02-24 17:29:19,073 WARNING database DDL Query made to DB:
ALTER TABLE `tabPrint Heading` ADD UNIQUE INDEX IF NOT EXISTS print_heading (`print_heading`)
2025-02-24 17:36:26,638 WARNING database DDL Query made to DB:
alter table `tabDocType` add column if not exists migration_hash varchar(140)
2025-02-24 17:36:28,114 WARNING database DDL Query made to DB:
ALTER TABLE `tabPrint Heading` DROP INDEX `print_heading`
2025-02-24 17:36:29,698 WARNING database DDL Query made to DB:
ALTER TABLE `tabPrint Heading` ADD UNIQUE INDEX IF NOT EXISTS print_heading (`print_heading`)
2025-02-25 15:12:17,698 WARNING database DDL Query made to DB:
create table `tabProjectDetails` (
			name varchar(140) primary key,
			creation datetime(6),
			modified datetime(6),
			modified_by varchar(140),
			owner varchar(140),
			docstatus int(1) not null default '0',
			idx int(8) not null default '0',
			`_user_tags` text,
`_comments` text,
`_assign` text,
`_liked_by` text,
index modified(modified))
			ENGINE=InnoDB
			ROW_FORMAT=DYNAMIC
			CHARACTER SET=utf8mb4
			COLLATE=utf8mb4_unicode_ci
2025-02-25 15:26:25,876 WARNING database DDL Query made to DB:
ALTER TABLE `tabProjectDetails` ADD COLUMN `project_name` varchar(140), ADD COLUMN `project_description` text, ADD COLUMN `start_date` date, ADD COLUMN `end_date` date, ADD COLUMN `status` varchar(140)
2025-02-25 15:27:28,676 WARNING database DDL Query made to DB:
create table `tabTaskDetails` (
			name varchar(140) primary key,
			creation datetime(6),
			modified datetime(6),
			modified_by varchar(140),
			owner varchar(140),
			docstatus int(1) not null default '0',
			idx int(8) not null default '0',
			`_user_tags` text,
`_comments` text,
`_assign` text,
`_liked_by` text,
index modified(modified))
			ENGINE=InnoDB
			ROW_FORMAT=DYNAMIC
			CHARACTER SET=utf8mb4
			COLLATE=utf8mb4_unicode_ci
2025-02-25 15:41:26,086 WARNING database DDL Query made to DB:
ALTER TABLE `tabTaskDetails` ADD COLUMN `task_name` varchar(140), ADD COLUMN `description` text, ADD COLUMN `task_due_date` date, ADD COLUMN `task_status` varchar(140), ADD COLUMN `priority` varchar(140), ADD COLUMN `boss_comments` text
2025-02-25 15:41:49,565 WARNING database DDL Query made to DB:
create table `tabEmployeeDetails` (
			name varchar(140) primary key,
			creation datetime(6),
			modified datetime(6),
			modified_by varchar(140),
			owner varchar(140),
			docstatus int(1) not null default '0',
			idx int(8) not null default '0',
			`_user_tags` text,
`_comments` text,
`_assign` text,
`_liked_by` text,
index modified(modified))
			ENGINE=InnoDB
			ROW_FORMAT=DYNAMIC
			CHARACTER SET=utf8mb4
			COLLATE=utf8mb4_unicode_ci
2025-02-25 15:46:37,690 WARNING database DDL Query made to DB:
ALTER TABLE `tabEmployeeDetails` ADD COLUMN `full_name` varchar(140), ADD COLUMN `email` varchar(140), ADD COLUMN `role` varchar(140)
2025-02-25 15:50:31,985 WARNING database DDL Query made to DB:
alter table `tabProjectDetails` add column if not exists parent varchar(140)
2025-02-25 15:50:31,995 WARNING database DDL Query made to DB:
alter table `tabProjectDetails` add column if not exists parenttype varchar(140)
2025-02-25 15:50:32,005 WARNING database DDL Query made to DB:
alter table `tabProjectDetails` add column if not exists parentfield varchar(140)
2025-02-25 15:52:01,312 WARNING database DDL Query made to DB:
alter table `tabProjectDetails` add column if not exists parent varchar(140)
2025-02-25 15:52:01,313 WARNING database DDL Query made to DB:
alter table `tabProjectDetails` add column if not exists parenttype varchar(140)
2025-02-25 15:52:01,314 WARNING database DDL Query made to DB:
alter table `tabProjectDetails` add column if not exists parentfield varchar(140)
2025-02-25 15:57:09,981 WARNING database DDL Query made to DB:
alter table `tabProjectDetails` add column if not exists parent varchar(140)
2025-02-25 15:57:09,982 WARNING database DDL Query made to DB:
alter table `tabProjectDetails` add column if not exists parenttype varchar(140)
2025-02-25 15:57:09,983 WARNING database DDL Query made to DB:
alter table `tabProjectDetails` add column if not exists parentfield varchar(140)
2025-02-25 15:57:10,050 WARNING database DDL Query made to DB:
ALTER TABLE `tabProjectDetails` ADD COLUMN `employees` text
2025-02-25 15:57:38,406 WARNING database DDL Query made to DB:
alter table `tabEmployeeDetails` add column if not exists parent varchar(140)
2025-02-25 15:57:38,415 WARNING database DDL Query made to DB:
alter table `tabEmployeeDetails` add column if not exists parenttype varchar(140)
2025-02-25 15:57:38,426 WARNING database DDL Query made to DB:
alter table `tabEmployeeDetails` add column if not exists parentfield varchar(140)
2025-02-25 15:58:41,413 WARNING database DDL Query made to DB:
alter table `tabEmployeeDetails` add column if not exists parent varchar(140)
2025-02-25 15:58:41,414 WARNING database DDL Query made to DB:
alter table `tabEmployeeDetails` add column if not exists parenttype varchar(140)
2025-02-25 15:58:41,415 WARNING database DDL Query made to DB:
alter table `tabEmployeeDetails` add column if not exists parentfield varchar(140)
2025-02-25 15:59:14,235 WARNING database DDL Query made to DB:
alter table `tabProjectDetails` add column if not exists parent varchar(140)
2025-02-25 15:59:14,236 WARNING database DDL Query made to DB:
alter table `tabProjectDetails` add column if not exists parenttype varchar(140)
2025-02-25 15:59:14,237 WARNING database DDL Query made to DB:
alter table `tabProjectDetails` add column if not exists parentfield varchar(140)
2025-02-25 16:11:26,388 WARNING database DDL Query made to DB:
alter table `tabEmployeeDetails` add column if not exists parent varchar(140)
2025-02-25 16:11:26,388 WARNING database DDL Query made to DB:
alter table `tabEmployeeDetails` add column if not exists parenttype varchar(140)
2025-02-25 16:11:26,389 WARNING database DDL Query made to DB:
alter table `tabEmployeeDetails` add column if not exists parentfield varchar(140)
2025-02-25 16:11:52,998 WARNING database DDL Query made to DB:
alter table `tabEmployeeDetails` add column if not exists parent varchar(140)
2025-02-25 16:11:52,999 WARNING database DDL Query made to DB:
alter table `tabEmployeeDetails` add column if not exists parenttype varchar(140)
2025-02-25 16:11:52,999 WARNING database DDL Query made to DB:
alter table `tabEmployeeDetails` add column if not exists parentfield varchar(140)
2025-02-25 16:23:43,561 WARNING database DDL Query made to DB:
alter table `tabEmployeeDetails` add column if not exists parent varchar(140)
2025-02-25 16:23:43,562 WARNING database DDL Query made to DB:
alter table `tabEmployeeDetails` add column if not exists parenttype varchar(140)
2025-02-25 16:23:43,563 WARNING database DDL Query made to DB:
alter table `tabEmployeeDetails` add column if not exists parentfield varchar(140)
2025-02-25 16:23:43,649 WARNING database DDL Query made to DB:
ALTER TABLE `tabEmployeeDetails` ADD COLUMN `user_email` varchar(140)
2025-02-25 17:06:35,148 WARNING database DDL Query made to DB:
alter table `tabEmployeeDetails` add column if not exists parent varchar(140)
2025-02-25 17:06:35,149 WARNING database DDL Query made to DB:
alter table `tabEmployeeDetails` add column if not exists parenttype varchar(140)
2025-02-25 17:06:35,149 WARNING database DDL Query made to DB:
alter table `tabEmployeeDetails` add column if not exists parentfield varchar(140)
2025-02-25 17:48:02,124 WARNING database DDL Query made to DB:
alter table `tabProjectDetails` add column if not exists parent varchar(140)
2025-02-25 17:48:02,125 WARNING database DDL Query made to DB:
alter table `tabProjectDetails` add column if not exists parenttype varchar(140)
2025-02-25 17:48:02,126 WARNING database DDL Query made to DB:
alter table `tabProjectDetails` add column if not exists parentfield varchar(140)
2025-02-25 17:51:50,073 WARNING database DDL Query made to DB:
alter table `tabProjectDetails` add column if not exists parent varchar(140)
2025-02-25 17:51:50,074 WARNING database DDL Query made to DB:
alter table `tabProjectDetails` add column if not exists parenttype varchar(140)
2025-02-25 17:51:50,076 WARNING database DDL Query made to DB:
alter table `tabProjectDetails` add column if not exists parentfield varchar(140)
2025-02-26 09:11:29,489 WARNING database DDL Query made to DB:
ALTER TABLE `tabTaskDetails` ADD COLUMN `task_description` text
2025-02-26 09:14:24,234 WARNING database DDL Query made to DB:
alter table `tabEmployeeDetails` add column if not exists parent varchar(140)
2025-02-26 09:14:24,235 WARNING database DDL Query made to DB:
alter table `tabEmployeeDetails` add column if not exists parenttype varchar(140)
2025-02-26 09:14:24,236 WARNING database DDL Query made to DB:
alter table `tabEmployeeDetails` add column if not exists parentfield varchar(140)
2025-02-26 09:19:19,462 WARNING database DDL Query made to DB:
ALTER TABLE `tabTaskDetails` ADD COLUMN `assigned_project` varchar(140)
2025-02-26 09:20:49,760 WARNING database DDL Query made to DB:
ALTER TABLE `tabTaskDetails` ADD COLUMN `assigned_employee` varchar(140)
2025-02-26 09:26:53,333 WARNING database DDL Query made to DB:
ALTER TABLE `tabEmployeeDetails` ADD COLUMN `assigned_project` varchar(140)
2025-02-26 09:35:17,294 WARNING database DDL Query made to DB:
ALTER TABLE `tabTaskDetails` ADD UNIQUE INDEX IF NOT EXISTS task_name (`task_name`)
2025-02-26 09:38:19,483 WARNING database DDL Query made to DB:
ALTER TABLE `tabProjectDetails` ADD UNIQUE INDEX IF NOT EXISTS project_name (`project_name`)
2025-02-26 09:44:56,251 WARNING database DDL Query made to DB:
ALTER TABLE `tabEmployeeDetails` ADD UNIQUE INDEX IF NOT EXISTS full_name (`full_name`)
2025-02-26 11:50:56,746 WARNING database DDL Query made to DB:
create table `tabDepartmentDetails` (
			name varchar(140) primary key,
			creation datetime(6),
			modified datetime(6),
			modified_by varchar(140),
			owner varchar(140),
			docstatus int(1) not null default '0',
			idx int(8) not null default '0',
			`_user_tags` text,
`_comments` text,
`_assign` text,
`_liked_by` text,
index modified(modified))
			ENGINE=InnoDB
			ROW_FORMAT=DYNAMIC
			CHARACTER SET=utf8mb4
			COLLATE=utf8mb4_unicode_ci
2025-02-26 11:53:13,930 WARNING database DDL Query made to DB:
ALTER TABLE `tabDepartmentDetails` ADD COLUMN `department_name` varchar(140), ADD COLUMN `department_post` varchar(140)
2025-02-26 12:02:32,769 WARNING database DDL Query made to DB:
ALTER TABLE `tabDepartmentDetails` ADD UNIQUE INDEX IF NOT EXISTS department_name (`department_name`)
2025-02-26 12:09:22,466 WARNING database DDL Query made to DB:
ALTER TABLE `tabEmployeeDetails` ADD COLUMN `department_name` varchar(140), ADD COLUMN `department_post` varchar(140)
2025-02-27 11:04:34,452 WARNING database DDL Query made to DB:
ALTER TABLE `tabTaskDetails` ADD COLUMN `custom_task_name` varchar(140) unique
2025-02-27 11:04:34,456 WARNING database DDL Query made to DB:
ALTER TABLE `tabTaskDetails` ADD UNIQUE INDEX IF NOT EXISTS custom_task_name (`custom_task_name`)
2025-02-27 12:06:14,142 WARNING database DDL Query made to DB:
ALTER TABLE `tabTaskDetails` ADD COLUMN `task_date` date
