2025-03-18 14:18:30,416 ERROR frappe New Exception collected in error log
Site: site67.local
Form Dict: {}
2025-03-18 14:22:53,155 ERROR frappe New Exception collected in error log
Site: site67.local
Form Dict: {'employee_name': 'Arjun', 'date': '2025-03-18', 'cmd': 'attendence.api.get_attendance'}
2025-03-18 14:25:47,739 ERROR frappe New Exception collected in error log
Site: site67.local
Form Dict: {}
2025-03-19 14:38:20,700 ERROR frappe New Exception collected in error log
Site: site67.local
Form Dict: {'employee_name': 'ADITHYAN S BALACHANDRAN', 'date': '2024-11-22', 'cmd': 'attendence.api.get_attendance'}
2025-03-19 14:38:46,404 ERROR frappe New Exception collected in error log
Site: site67.local
Form Dict: {'employee_name': 'ADITHYAN S BALACHANDRAN', 'date': '2024-11-22', 'cmd': 'attendence.api.get_attendance'}
2025-03-19 14:38:54,798 ERROR frappe New Exception collected in error log
Site: site67.local
Form Dict: {'employee_name': 'ADITHYAN S BALACHANDRAN', 'date': '2024-11-22', 'cmd': 'attendence.api.get_attendance'}
2025-03-19 14:48:55,105 ERROR frappe New Exception collected in error log
Site: site67.local
Form Dict: {'employee_name': 'ADITHYAN S BALACHANDRAN', 'date': '2024-11-22', 'cmd': 'attendence.api.get_attendance'}
2025-03-19 14:48:57,194 ERROR frappe New Exception collected in error log
Site: site67.local
Form Dict: {'employee_name': 'ADITHYAN S BALACHANDRAN', 'date': '2024-11-22', 'cmd': 'attendence.api.get_attendance'}
2025-03-19 14:49:00,097 ERROR frappe New Exception collected in error log
Site: site67.local
Form Dict: {'employee_name': 'ADITHYAN S BALACHANDRAN', 'date': '2024-11-22', 'cmd': 'attendence.api.get_attendance'}
2025-03-20 13:03:50,630 ERROR frappe New Exception collected in error log
Site: site67.local
Form Dict: {'employee_name': 'HR-EMP-00001', 'date': '2025-03-20', 'cmd': 'attendence.api.get_weekly_average'}
